<?xml version="1.0" encoding="UTF-8"?>
<!-- Generated by org.testng.reporters.JUnitReportReporter -->
<testsuite hostname="BLRL-DZ1D0J3-1" failures="0" tests="3" name="rsclassesa.seleniumframework.StandAloneClass" time="197.296" errors="0" timestamp="2023-01-13T22:15:00 IST" skipped="0">
  <testcase classname="rsclassesa.seleniumframework.StandAloneClass" name="eCommerceAppication" time="98.313"/>
  <system-out/>
  <testcase classname="rsclassesa.seleniumframework.StandAloneClass" name="eCommerceAppication" time="94.912"/>
  <system-out/>
  <testcase classname="rsclassesa.seleniumframework.StandAloneClass" name="verifyTheProductPlaced" time="4.071"/>
  <system-out/>
</testsuite> <!-- rsclassesa.seleniumframework.StandAloneClass -->
