<?xml version="1.0" encoding="UTF-8"?>
<!-- Generated by org.testng.reporters.JUnitReportReporter -->
<testsuite hostname="BLRL-DZ1D0J3-1" failures="0" tests="2" name="Cucumber.TestNGTestRunner" time="215.060" errors="0" timestamp="2023-01-18T22:49:23 IST" skipped="0">
  <testcase classname="Cucumber.TestNGTestRunner" name="runScenario" time="96.637"/>
  <system-out/>
  <testcase classname="Cucumber.TestNGTestRunner" name="runScenario" time="118.423"/>
  <system-out/>
</testsuite> <!-- Cucumber.TestNGTestRunner -->
